<?xml version="1.0" encoding="UTF-8"?>
<testsuite name="test_cancel_appointment_tests.TestCancelAppointmentEcBv-20220521163823" tests="5" file="test_cancel_appointment_tests.py" time="0.229" timestamp="2022-05-21T16:38:23" failures="0" errors="0" skipped="0">
	<testcase classname="test_cancel_appointment_tests.TestCancelAppointmentEcBv" name="test_parametrized_not_valid_ec_bv_cancellation_appointment" time="0.120" timestamp="2022-05-21T16:38:23"/>
	<testcase classname="test_cancel_appointment_tests.TestCancelAppointmentEcBv" name="test_parametrized_valid_ec_bv_cancellation_appointment" time="0.074" timestamp="2022-05-21T16:38:23"/>
	<testcase classname="test_cancel_appointment_tests.TestCancelAppointmentEcBv" name="test_specific_not_valid_ec_bv_encv6_cancellation_appointment" time="0.010" timestamp="2022-05-21T16:38:23"/>
	<testcase classname="test_cancel_appointment_tests.TestCancelAppointmentEcBv" name="test_specific_not_valid_ec_bv_encv7_cancellation_appointment" time="0.014" timestamp="2022-05-21T16:38:23"/>
	<testcase classname="test_cancel_appointment_tests.TestCancelAppointmentEcBv" name="test_specific_not_valid_ec_bv_encv8_cancellation_appointment" time="0.012" timestamp="2022-05-21T16:38:23"/>
</testsuite>
