<?xml version="1.0" encoding="UTF-8"?>
<testsuite name="test_get_vaccine_date_tests.TestGetVaccineDate-20220522110827" tests="7" file="test_get_vaccine_date_tests.py" time="0.338" timestamp="2022-05-22T11:08:31" failures="0" errors="0" skipped="0">
	<testcase classname="test_get_vaccine_date_tests.TestGetVaccineDate" name="test_get_vaccine_date_no_ok" time="0.006" timestamp="2022-05-22T11:08:31"/>
	<testcase classname="test_get_vaccine_date_tests.TestGetVaccineDate" name="test_get_vaccine_date_no_ok_data_manipulated" time="0.013" timestamp="2022-05-22T11:08:31"/>
	<testcase classname="test_get_vaccine_date_tests.TestGetVaccineDate" name="test_get_vaccine_date_no_ok_no_quotes" time="0.005" timestamp="2022-05-22T11:08:31"/>
	<testcase classname="test_get_vaccine_date_tests.TestGetVaccineDate" name="test_get_vaccine_date_no_ok_parameter" time="0.265" timestamp="2022-05-22T11:08:31"/>
	<testcase classname="test_get_vaccine_date_tests.TestGetVaccineDate" name="test_get_vaccine_date_ok" time="0.016" timestamp="2022-05-22T11:08:31"/>
	<testcase classname="test_get_vaccine_date_tests.TestGetVaccineDate" name="test_get_vaccine_date_ok_bv_1" time="0.016" timestamp="2022-05-22T11:08:31"/>
	<testcase classname="test_get_vaccine_date_tests.TestGetVaccineDate" name="test_get_vaccine_date_ok_bv_2" time="0.017" timestamp="2022-05-22T11:08:31"/>
</testsuite>
