<?xml version="1.0" encoding="UTF-8"?>
<testsuite name="test_cancel_appointment_tests.TestExtraNonTested-20220522035851" tests="4" file="test_cancel_appointment_tests.py" time="0.041" timestamp="2022-05-22T03:58:53" failures="0" errors="0" skipped="0">
	<testcase classname="test_cancel_appointment_tests.TestExtraNonTested" name="test_appointment_file_not_found" time="0.009" timestamp="2022-05-22T03:58:53"/>
	<testcase classname="test_cancel_appointment_tests.TestExtraNonTested" name="test_appointment_file_not_json" time="0.009" timestamp="2022-05-22T03:58:53"/>
	<testcase classname="test_cancel_appointment_tests.TestExtraNonTested" name="test_input_file_not_found" time="0.011" timestamp="2022-05-22T03:58:53"/>
	<testcase classname="test_cancel_appointment_tests.TestExtraNonTested" name="test_input_file_not_json" time="0.012" timestamp="2022-05-22T03:58:53"/>
</testsuite>
