<?xml version="1.0" encoding="UTF-8"?>
<testsuite name="test_get_vaccine_date_tests.TestGetVaccineDate-20220521163823" tests="5" file="test_get_vaccine_date_tests.py" time="0.239" timestamp="2022-05-21T16:38:24" failures="0" errors="0" skipped="0">
	<testcase classname="test_get_vaccine_date_tests.TestGetVaccineDate" name="test_get_vaccine_date_no_ok" time="0.005" timestamp="2022-05-21T16:38:24"/>
	<testcase classname="test_get_vaccine_date_tests.TestGetVaccineDate" name="test_get_vaccine_date_no_ok_data_manipulated" time="0.009" timestamp="2022-05-21T16:38:24"/>
	<testcase classname="test_get_vaccine_date_tests.TestGetVaccineDate" name="test_get_vaccine_date_no_ok_no_quotes" time="0.006" timestamp="2022-05-21T16:38:24"/>
	<testcase classname="test_get_vaccine_date_tests.TestGetVaccineDate" name="test_get_vaccine_date_no_ok_parameter" time="0.210" timestamp="2022-05-21T16:38:24"/>
	<testcase classname="test_get_vaccine_date_tests.TestGetVaccineDate" name="test_get_vaccine_date_ok" time="0.009" timestamp="2022-05-21T16:38:24"/>
</testsuite>
