<?xml version="1.0" encoding="UTF-8"?>
<testsuite name="test_cancel_appointment_tests.TestCancelAppointmentSyntaxAnalysis-20220522203524" tests="2" file="test_cancel_appointment_tests.py" time="1.593" timestamp="2022-05-22T20:35:26" failures="0" errors="0" skipped="0">
	<testcase classname="test_cancel_appointment_tests.TestCancelAppointmentSyntaxAnalysis" name="test_parametrized_not_valid_sa_cancellation_appointment" time="1.569" timestamp="2022-05-22T20:35:26"/>
	<testcase classname="test_cancel_appointment_tests.TestCancelAppointmentSyntaxAnalysis" name="test_parametrized_valid_sa_cancellation_appointment" time="0.024" timestamp="2022-05-22T20:35:26"/>
</testsuite>
