<?xml version="1.0" encoding="UTF-8"?>
<testsuite name="test_cancel_appointment_tests.TestCancelAppointmentSyntaxAnalysis-20220522195105" tests="2" file="test_cancel_appointment_tests.py" time="1.177" timestamp="2022-05-22T19:51:08" failures="0" errors="0" skipped="0">
	<testcase classname="test_cancel_appointment_tests.TestCancelAppointmentSyntaxAnalysis" name="test_parametrized_not_valid_sa_cancellation_appointment" time="0.843" timestamp="2022-05-22T19:51:07"/>
	<testcase classname="test_cancel_appointment_tests.TestCancelAppointmentSyntaxAnalysis" name="test_parametrized_valid_sa_cancellation_appointment" time="0.334" timestamp="2022-05-22T19:51:08"/>
</testsuite>
