<?xml version="1.0" encoding="UTF-8"?>
<testsuite name="test_cancel_appointment_tests.TestCancelAppointmentSyntaxAnalysis-20220521162814" tests="2" file="test_cancel_appointment_tests.py" time="0.876" timestamp="2022-05-21T16:28:15" failures="0" errors="0" skipped="0">
	<testcase classname="test_cancel_appointment_tests.TestCancelAppointmentSyntaxAnalysis" name="test_parametrized_not_valid_sa_cancellation_appointment" time="0.859" timestamp="2022-05-21T16:28:15"/>
	<testcase classname="test_cancel_appointment_tests.TestCancelAppointmentSyntaxAnalysis" name="test_parametrized_valid_sa_cancellation_appointment" time="0.017" timestamp="2022-05-21T16:28:15"/>
</testsuite>
