<?xml version="1.0" encoding="UTF-8"?>
<testsuite name="test_cancel_appointment_tests.TestExtraNonTested-20220521185157" tests="4" file="test_cancel_appointment_tests.py" time="0.043" timestamp="2022-05-21T18:51:59" failures="0" errors="0" skipped="0">
	<testcase classname="test_cancel_appointment_tests.TestExtraNonTested" name="test_appointment_file_not_found" time="0.009" timestamp="2022-05-21T18:51:59"/>
	<testcase classname="test_cancel_appointment_tests.TestExtraNonTested" name="test_appointment_file_not_json" time="0.010" timestamp="2022-05-21T18:51:59"/>
	<testcase classname="test_cancel_appointment_tests.TestExtraNonTested" name="test_input_file_not_found" time="0.012" timestamp="2022-05-21T18:51:59"/>
	<testcase classname="test_cancel_appointment_tests.TestExtraNonTested" name="test_input_file_not_json" time="0.012" timestamp="2022-05-21T18:51:59"/>
</testsuite>
