<?xml version="1.0" encoding="UTF-8"?>
<testsuite name="test_cancel_appointment_tests.TestCancelAppointmentSyntaxAnalysis-20220522035851" tests="2" file="test_cancel_appointment_tests.py" time="0.884" timestamp="2022-05-22T03:58:53" failures="0" errors="0" skipped="0">
	<testcase classname="test_cancel_appointment_tests.TestCancelAppointmentSyntaxAnalysis" name="test_parametrized_not_valid_sa_cancellation_appointment" time="0.866" timestamp="2022-05-22T03:58:53"/>
	<testcase classname="test_cancel_appointment_tests.TestCancelAppointmentSyntaxAnalysis" name="test_parametrized_valid_sa_cancellation_appointment" time="0.018" timestamp="2022-05-22T03:58:53"/>
</testsuite>
